<?xml version="1.0" encoding="UTF-8"?>
<!-- Generated by org.testng.reporters.JUnitReportReporter -->
<testsuite hostname="DESKTOP-OJIJEQU" failures="0" tests="1" name="examp.project1" time="29.639" errors="0" timestamp="2023-04-14T20:29:01 IST" skipped="0">
  <testcase classname="examp.project1" name="f" time="29.639"/>
  <system-out/>
</testsuite> <!-- examp.project1 -->
